<?xml version="1.0" encoding="UTF-8"?>
<testng-results ignored="0" total="1" passed="1" failed="0" skipped="0">
  <reporter-output>
  </reporter-output>
  <suite started-at="2022-01-17T19:34:52 CET" name="Default suite" finished-at="2022-01-17T19:35:24 CET" duration-ms="31532">
    <groups>
    </groups>
    <test started-at="2022-01-17T19:34:52 CET" name="Default test" finished-at="2022-01-17T19:35:24 CET" duration-ms="31532">
      <class name="padmaTestingTask.GroverTasktest.SearchProductandAdd2cart">
        <test-method is-config="true" signature="config()[pri:0, instance:padmaTestingTask.GroverTasktest.SearchProductandAdd2cart@4229bb3f]" started-at="2022-01-17T19:34:52 CET" name="config" finished-at="2022-01-17T19:34:53 CET" duration-ms="1449" status="PASS">
          <reporter-output>
          </reporter-output>
        </test-method> <!-- config -->
        <test-method is-config="true" signature="LoginTest()[pri:0, instance:padmaTestingTask.GroverTasktest.SearchProductandAdd2cart@4229bb3f]" started-at="2022-01-17T19:34:53 CET" name="LoginTest" finished-at="2022-01-17T19:34:58 CET" duration-ms="4863" status="PASS">
          <reporter-output>
          </reporter-output>
        </test-method> <!-- LoginTest -->
        <test-method signature="Test()[pri:0, instance:padmaTestingTask.GroverTasktest.SearchProductandAdd2cart@4229bb3f]" started-at="2022-01-17T19:34:58 CET" name="Test" finished-at="2022-01-17T19:35:19 CET" duration-ms="20993" status="PASS">
          <reporter-output>
          </reporter-output>
        </test-method> <!-- Test -->
        <test-method is-config="true" signature="tearDown()[pri:0, instance:padmaTestingTask.GroverTasktest.SearchProductandAdd2cart@4229bb3f]" started-at="2022-01-17T19:35:19 CET" name="tearDown" finished-at="2022-01-17T19:35:24 CET" duration-ms="4185" status="PASS">
          <reporter-output>
          </reporter-output>
        </test-method> <!-- tearDown -->
      </class> <!-- padmaTestingTask.GroverTasktest.SearchProductandAdd2cart -->
    </test> <!-- Default test -->
  </suite> <!-- Default suite -->
</testng-results>
